# JRE version: Java(TM) SE Runtime Environment (21.0.5+9) (build 21.0.5+9-LTS-239)
# Java VM: Java HotSpot(TM) 64-Bit Server VM (21.0.5+9-LTS-239, mixed mode, sharing, tiered, compressed oops, compressed class ptrs, g1 gc, windows-amd64)
GC Precious Log:
 CardTable entry size: 512
 Card Set container configuration: InlinePtr #cards 5 size 8 Array Of Cards #cards 12 size 40 Howl #buckets 4 coarsen threshold 1843 Howl Bitmap #cards 512 size 80 coarsen threshold 460 Card regions per heap region 1 cards per card region 2048
 CPUs: 4 total, 4 available
 Memory: 3838M
 Large Page Support: Disabled
 NUMA Support: Disabled
 Compressed Oops: Enabled (32-bit)
 Heap Region Size: 1M
 Heap Min Capacity: 8M
 Heap Initial Capacity: 60M
 Heap Max Capacity: 960M
 Pre-touch: Disabled
 Parallel Workers: 4
 Concurrent Workers: 1
 Concurrent Refinement Workers: 4
 Periodic GC: Disabled
Heap:
 garbage-first heap   total 312320K, used 186810K [0x00000000c4000000, 0x0000000100000000)
  region size 1024K, 14 young (14336K), 14 survivors (14336K)
 Metaspace       used 73712K, committed 74688K, reserved 1179648K
  class space    used 8472K, committed 8960K, reserved 1048576K
GC Heap History (20 events):
Event: 94.191 GC heap after
{Heap after GC invocations=44 (full 0):
 garbage-first heap   total 135168K, used 78708K [0x00000000c4000000, 0x0000000100000000)
  region size 1024K, 4 young (4096K), 4 survivors (4096K)
 Metaspace       used 73572K, committed 74560K, reserved 1179648K
  class space    used 8471K, committed 8960K, reserved 1048576K
}
Event: 94.537 GC heap before
{Heap before GC invocations=44 (full 0):
 garbage-first heap   total 135168K, used 117620K [0x00000000c4000000, 0x0000000100000000)
  region size 1024K, 42 young (43008K), 4 survivors (4096K)
 Metaspace       used 73589K, committed 74560K, reserved 1179648K
  class space    used 8471K, committed 8960K, reserved 1048576K
}
Event: 94.553 GC heap after
{Heap after GC invocations=45 (full 0):
 garbage-first heap   total 135168K, used 84922K [0x00000000c4000000, 0x0000000100000000)
  region size 1024K, 6 young (6144K), 6 survivors (6144K)
 Metaspace       used 73589K, committed 74560K, reserved 1179648K
  class space    used 8471K, committed 8960K, reserved 1048576K
}
Event: 94.851 GC heap before
{Heap before GC invocations=45 (full 0):
 garbage-first heap   total 135168K, used 119738K [0x00000000c4000000, 0x0000000100000000)
  region size 1024K, 40 young (40960K), 6 survivors (6144K)
 Metaspace       used 73617K, committed 74624K, reserved 1179648K
  class space    used 8471K, committed 8960K, reserved 1048576K
}
Event: 94.865 GC heap after
{Heap after GC invocations=46 (full 0):
 garbage-first heap   total 135168K, used 91617K [0x00000000c4000000, 0x0000000100000000)
  region size 1024K, 5 young (5120K), 5 survivors (5120K)
 Metaspace       used 73617K, committed 74624K, reserved 1179648K
  class space    used 8471K, committed 8960K, reserved 1048576K
}
Event: 95.299 GC heap before
{Heap before GC invocations=47 (full 0):
 garbage-first heap   total 165888K, used 120289K [0x00000000c4000000, 0x0000000100000000)
  region size 1024K, 33 young (33792K), 5 survivors (5120K)
 Metaspace       used 73622K, committed 74624K, reserved 1179648K
  class space    used 8471K, committed 8960K, reserved 1048576K
}
Event: 95.311 GC heap after
{Heap after GC invocations=48 (full 0):
 garbage-first heap   total 165888K, used 97554K [0x00000000c4000000, 0x0000000100000000)
  region size 1024K, 5 young (5120K), 5 survivors (5120K)
 Metaspace       used 73622K, committed 74624K, reserved 1179648K
  class space    used 8471K, committed 8960K, reserved 1048576K
}
Event: 95.571 GC heap before
{Heap before GC invocations=48 (full 0):
 garbage-first heap   total 165888K, used 143634K [0x00000000c4000000, 0x0000000100000000)
  region size 1024K, 50 young (51200K), 5 survivors (5120K)
 Metaspace       used 73624K, committed 74624K, reserved 1179648K
  class space    used 8471K, committed 8960K, reserved 1048576K
}
Event: 95.591 GC heap after
{Heap after GC invocations=49 (full 0):
 garbage-first heap   total 241664K, used 105180K [0x00000000c4000000, 0x0000000100000000)
  region size 1024K, 7 young (7168K), 7 survivors (7168K)
 Metaspace       used 73624K, committed 74624K, reserved 1179648K
  class space    used 8471K, committed 8960K, reserved 1048576K
}
Event: 96.316 GC heap before
{Heap before GC invocations=49 (full 0):
 garbage-first heap   total 241664K, used 185052K [0x00000000c4000000, 0x0000000100000000)
  region size 1024K, 85 young (87040K), 7 survivors (7168K)
 Metaspace       used 73638K, committed 74624K, reserved 1179648K
  class space    used 8471K, committed 8960K, reserved 1048576K
}
Event: 96.342 GC heap after
{Heap after GC invocations=50 (full 0):
 garbage-first heap   total 241664K, used 116666K [0x00000000c4000000, 0x0000000100000000)
  region size 1024K, 11 young (11264K), 11 survivors (11264K)
 Metaspace       used 73638K, committed 74624K, reserved 1179648K
  class space    used 8471K, committed 8960K, reserved 1048576K
}
Event: 96.810 GC heap before
{Heap before GC invocations=50 (full 0):
 garbage-first heap   total 241664K, used 195514K [0x00000000c4000000, 0x0000000100000000)
  region size 1024K, 88 young (90112K), 11 survivors (11264K)
 Metaspace       used 73661K, committed 74624K, reserved 1179648K
  class space    used 8471K, committed 8960K, reserved 1048576K
}
Event: 96.838 GC heap after
{Heap after GC invocations=51 (full 0):
 garbage-first heap   total 241664K, used 128776K [0x00000000c4000000, 0x0000000100000000)
  region size 1024K, 11 young (11264K), 11 survivors (11264K)
 Metaspace       used 73661K, committed 74624K, reserved 1179648K
  class space    used 8471K, committed 8960K, reserved 1048576K
}
Event: 97.108 GC heap before
{Heap before GC invocations=51 (full 0):
 garbage-first heap   total 241664K, used 204552K [0x00000000c4000000, 0x0000000100000000)
  region size 1024K, 85 young (87040K), 11 survivors (11264K)
 Metaspace       used 73672K, committed 74624K, reserved 1179648K
  class space    used 8471K, committed 8960K, reserved 1048576K
}
Event: 97.128 GC heap after
{Heap after GC invocations=52 (full 0):
 garbage-first heap   total 241664K, used 140218K [0x00000000c4000000, 0x0000000100000000)
  region size 1024K, 11 young (11264K), 11 survivors (11264K)
 Metaspace       used 73672K, committed 74624K, reserved 1179648K
  class space    used 8471K, committed 8960K, reserved 1048576K
}
Event: 97.623 GC heap before
{Heap before GC invocations=53 (full 0):
 garbage-first heap   total 312320K, used 210874K [0x00000000c4000000, 0x0000000100000000)
  region size 1024K, 80 young (81920K), 11 survivors (11264K)
 Metaspace       used 73683K, committed 74688K, reserved 1179648K
  class space    used 8472K, committed 8960K, reserved 1048576K
}
Event: 97.648 GC heap after
{Heap after GC invocations=54 (full 0):
 garbage-first heap   total 312320K, used 152504K [0x00000000c4000000, 0x0000000100000000)
  region size 1024K, 10 young (10240K), 10 survivors (10240K)
 Metaspace       used 73683K, committed 74688K, reserved 1179648K
  class space    used 8472K, committed 8960K, reserved 1048576K
}
Event: 98.026 GC heap before
{Heap before GC invocations=54 (full 0):
 garbage-first heap   total 312320K, used 264120K [0x00000000c4000000, 0x0000000100000000)
  region size 1024K, 119 young (121856K), 10 survivors (10240K)
 Metaspace       used 73704K, committed 74688K, reserved 1179648K
  class space    used 8472K, committed 8960K, reserved 1048576K
}
Event: 98.055 GC heap after
{Heap after GC invocations=55 (full 0):
 garbage-first heap   total 312320K, used 168890K [0x00000000c4000000, 0x0000000100000000)
  region size 1024K, 15 young (15360K), 15 survivors (15360K)
 Metaspace       used 73704K, committed 74688K, reserved 1179648K
  class space    used 8472K, committed 8960K, reserved 1048576K
}
Event: 98.388 GC heap before
{Heap before GC invocations=55 (full 0):
 garbage-first heap   total 312320K, used 265146K [0x00000000c4000000, 0x0000000100000000)
  region size 1024K, 109 young (111616K), 15 survivors (15360K)
 Metaspace       used 73712K, committed 74688K, reserved 1179648K
  class space    used 8472K, committed 8960K, reserved 1048576K
}

